[2026-05-31 05:09:33.595245] Wrote Pine Script: /home/hunter/sr-levels/universal_levels.pine
 * Serving Flask app 'app'
 * Debug mode: on
Address already in use
Port 5000 is in use by another program. Either identify and stop that program, or start the server with a different port.
[Sun May 31 05:09:33 PDT 2026] Flask exited, restarting in 5s...
[2026-05-31 05:09:38.697522] Wrote Pine Script: /home/hunter/sr-levels/universal_levels.pine
 * Serving Flask app 'app'
 * Debug mode: on
Address already in use
Port 5000 is in use by another program. Either identify and stop that program, or start the server with a different port.
[Sun May 31 05:09:38 PDT 2026] Flask exited, restarting in 5s...
[2026-05-31 05:09:43.797501] Wrote Pine Script: /home/hunter/sr-levels/universal_levels.pine
 * Serving Flask app 'app'
 * Debug mode: on
Address already in use
Port 5000 is in use by another program. Either identify and stop that program, or start the server with a different port.
[Sun May 31 05:09:43 PDT 2026] Flask exited, restarting in 5s...
[2026-05-31 05:09:48.904560] Wrote Pine Script: /home/hunter/sr-levels/universal_levels.pine
 * Serving Flask app 'app'
 * Debug mode: on
Address already in use
Port 5000 is in use by another program. Either identify and stop that program, or start the server with a different port.
[Sun May 31 05:09:48 PDT 2026] Flask exited, restarting in 5s...
[2026-05-31 05:09:54.007291] Wrote Pine Script: /home/hunter/sr-levels/universal_levels.pine
 * Serving Flask app 'app'
 * Debug mode: on
Address already in use
Port 5000 is in use by another program. Either identify and stop that program, or start the server with a different port.
[Sun May 31 05:09:54 PDT 2026] Flask exited, restarting in 5s...
[2026-05-31 05:09:59.111651] Wrote Pine Script: /home/hunter/sr-levels/universal_levels.pine
 * Serving Flask app 'app'
 * Debug mode: on
Address already in use
Port 5000 is in use by another program. Either identify and stop that program, or start the server with a different port.
[Sun May 31 05:09:59 PDT 2026] Flask exited, restarting in 5s...
[2026-05-31 05:10:04.211066] Wrote Pine Script: /home/hunter/sr-levels/universal_levels.pine
 * Serving Flask app 'app'
 * Debug mode: on
Address already in use
Port 5000 is in use by another program. Either identify and stop that program, or start the server with a different port.
[Sun May 31 05:10:04 PDT 2026] Flask exited, restarting in 5s...
[2026-05-31 05:10:09.315298] Wrote Pine Script: /home/hunter/sr-levels/universal_levels.pine
 * Serving Flask app 'app'
 * Debug mode: on
Address already in use
Port 5000 is in use by another program. Either identify and stop that program, or start the server with a different port.
[Sun May 31 05:10:09 PDT 2026] Flask exited, restarting in 5s...
[2026-05-31 05:10:14.416809] Wrote Pine Script: /home/hunter/sr-levels/universal_levels.pine
 * Serving Flask app 'app'
 * Debug mode: on
Address already in use
Port 5000 is in use by another program. Either identify and stop that program, or start the server with a different port.
[Sun May 31 05:10:14 PDT 2026] Flask exited, restarting in 5s...
[2026-05-31 05:10:19.524570] Wrote Pine Script: /home/hunter/sr-levels/universal_levels.pine
 * Serving Flask app 'app'
 * Debug mode: on
Address already in use
Port 5000 is in use by another program. Either identify and stop that program, or start the server with a different port.
[Sun May 31 05:10:19 PDT 2026] Flask exited, restarting in 5s...
[2026-05-31 05:10:24.627874] Wrote Pine Script: /home/hunter/sr-levels/universal_levels.pine
 * Serving Flask app 'app'
 * Debug mode: on
Address already in use
Port 5000 is in use by another program. Either identify and stop that program, or start the server with a different port.
[Sun May 31 05:10:24 PDT 2026] Flask exited, restarting in 5s...
[2026-05-31 05:10:29.729099] Wrote Pine Script: /home/hunter/sr-levels/universal_levels.pine
 * Serving Flask app 'app'
 * Debug mode: on
Address already in use
Port 5000 is in use by another program. Either identify and stop that program, or start the server with a different port.
[Sun May 31 05:10:29 PDT 2026] Flask exited, restarting in 5s...
[2026-05-31 05:10:34.823399] Wrote Pine Script: /home/hunter/sr-levels/universal_levels.pine
 * Serving Flask app 'app'
 * Debug mode: on
Address already in use
Port 5000 is in use by another program. Either identify and stop that program, or start the server with a different port.
[Sun May 31 05:10:34 PDT 2026] Flask exited, restarting in 5s...
[2026-05-31 05:10:39.929573] Wrote Pine Script: /home/hunter/sr-levels/universal_levels.pine
 * Serving Flask app 'app'
 * Debug mode: on
Address already in use
Port 5000 is in use by another program. Either identify and stop that program, or start the server with a different port.
[Sun May 31 05:10:39 PDT 2026] Flask exited, restarting in 5s...
[2026-05-31 05:10:45.051452] Wrote Pine Script: /home/hunter/sr-levels/universal_levels.pine
 * Serving Flask app 'app'
 * Debug mode: on
Address already in use
Port 5000 is in use by another program. Either identify and stop that program, or start the server with a different port.
[Sun May 31 05:10:45 PDT 2026] Flask exited, restarting in 5s...
[2026-05-31 05:10:50.171968] Wrote Pine Script: /home/hunter/sr-levels/universal_levels.pine
 * Serving Flask app 'app'
 * Debug mode: on
Address already in use
Port 5000 is in use by another program. Either identify and stop that program, or start the server with a different port.
[Sun May 31 05:10:50 PDT 2026] Flask exited, restarting in 5s...
[2026-05-31 05:10:55.282237] Wrote Pine Script: /home/hunter/sr-levels/universal_levels.pine
 * Serving Flask app 'app'
 * Debug mode: on
Address already in use
Port 5000 is in use by another program. Either identify and stop that program, or start the server with a different port.
[Sun May 31 05:10:55 PDT 2026] Flask exited, restarting in 5s...
[2026-05-31 05:11:00.390777] Wrote Pine Script: /home/hunter/sr-levels/universal_levels.pine
 * Serving Flask app 'app'
 * Debug mode: on
Address already in use
Port 5000 is in use by another program. Either identify and stop that program, or start the server with a different port.
[Sun May 31 05:11:00 PDT 2026] Flask exited, restarting in 5s...
[2026-05-31 05:11:05.482663] Wrote Pine Script: /home/hunter/sr-levels/universal_levels.pine
 * Serving Flask app 'app'
 * Debug mode: on
Address already in use
Port 5000 is in use by another program. Either identify and stop that program, or start the server with a different port.
[Sun May 31 05:11:05 PDT 2026] Flask exited, restarting in 5s...
[2026-05-31 05:11:10.584266] Wrote Pine Script: /home/hunter/sr-levels/universal_levels.pine
 * Serving Flask app 'app'
 * Debug mode: on
Address already in use
Port 5000 is in use by another program. Either identify and stop that program, or start the server with a different port.
[Sun May 31 05:11:10 PDT 2026] Flask exited, restarting in 5s...
[2026-05-31 05:11:15.688725] Wrote Pine Script: /home/hunter/sr-levels/universal_levels.pine
 * Serving Flask app 'app'
 * Debug mode: on
Address already in use
Port 5000 is in use by another program. Either identify and stop that program, or start the server with a different port.
[Sun May 31 05:11:15 PDT 2026] Flask exited, restarting in 5s...
[2026-05-31 05:11:20.791657] Wrote Pine Script: /home/hunter/sr-levels/universal_levels.pine
 * Serving Flask app 'app'
 * Debug mode: on
Address already in use
Port 5000 is in use by another program. Either identify and stop that program, or start the server with a different port.
[Sun May 31 05:11:20 PDT 2026] Flask exited, restarting in 5s...
[2026-05-31 05:11:25.901203] Wrote Pine Script: /home/hunter/sr-levels/universal_levels.pine
 * Serving Flask app 'app'
 * Debug mode: on
Address already in use
Port 5000 is in use by another program. Either identify and stop that program, or start the server with a different port.
[Sun May 31 05:11:25 PDT 2026] Flask exited, restarting in 5s...
[2026-05-31 05:11:31.001479] Wrote Pine Script: /home/hunter/sr-levels/universal_levels.pine
 * Serving Flask app 'app'
 * Debug mode: on
Address already in use
Port 5000 is in use by another program. Either identify and stop that program, or start the server with a different port.
[Sun May 31 05:11:31 PDT 2026] Flask exited, restarting in 5s...
[2026-05-31 05:11:36.106188] Wrote Pine Script: /home/hunter/sr-levels/universal_levels.pine
 * Serving Flask app 'app'
 * Debug mode: on
Address already in use
Port 5000 is in use by another program. Either identify and stop that program, or start the server with a different port.
[Sun May 31 05:11:36 PDT 2026] Flask exited, restarting in 5s...
[2026-05-31 05:11:41.238831] Wrote Pine Script: /home/hunter/sr-levels/universal_levels.pine
 * Serving Flask app 'app'
 * Debug mode: on
Address already in use
Port 5000 is in use by another program. Either identify and stop that program, or start the server with a different port.
[Sun May 31 05:11:41 PDT 2026] Flask exited, restarting in 5s...
[2026-05-31 05:11:46.352591] Wrote Pine Script: /home/hunter/sr-levels/universal_levels.pine
 * Serving Flask app 'app'
 * Debug mode: on
Address already in use
Port 5000 is in use by another program. Either identify and stop that program, or start the server with a different port.
[Sun May 31 05:11:46 PDT 2026] Flask exited, restarting in 5s...
[2026-05-31 05:11:51.467092] Wrote Pine Script: /home/hunter/sr-levels/universal_levels.pine
 * Serving Flask app 'app'
 * Debug mode: on
Address already in use
Port 5000 is in use by another program. Either identify and stop that program, or start the server with a different port.
[Sun May 31 05:11:51 PDT 2026] Flask exited, restarting in 5s...
[2026-05-31 05:11:56.572611] Wrote Pine Script: /home/hunter/sr-levels/universal_levels.pine
 * Serving Flask app 'app'
 * Debug mode: on
Address already in use
Port 5000 is in use by another program. Either identify and stop that program, or start the server with a different port.
[Sun May 31 05:11:56 PDT 2026] Flask exited, restarting in 5s...
[2026-05-31 05:12:01.682286] Wrote Pine Script: /home/hunter/sr-levels/universal_levels.pine
 * Serving Flask app 'app'
 * Debug mode: on
Address already in use
Port 5000 is in use by another program. Either identify and stop that program, or start the server with a different port.
[Sun May 31 05:12:01 PDT 2026] Flask exited, restarting in 5s...
[2026-05-31 05:12:06.779946] Wrote Pine Script: /home/hunter/sr-levels/universal_levels.pine
 * Serving Flask app 'app'
 * Debug mode: on
Address already in use
Port 5000 is in use by another program. Either identify and stop that program, or start the server with a different port.
[Sun May 31 05:12:06 PDT 2026] Flask exited, restarting in 5s...
[2026-05-31 05:12:11.890755] Wrote Pine Script: /home/hunter/sr-levels/universal_levels.pine
 * Serving Flask app 'app'
 * Debug mode: on
Address already in use
Port 5000 is in use by another program. Either identify and stop that program, or start the server with a different port.
[Sun May 31 05:12:11 PDT 2026] Flask exited, restarting in 5s...
[2026-05-31 05:12:17.006635] Wrote Pine Script: /home/hunter/sr-levels/universal_levels.pine
 * Serving Flask app 'app'
 * Debug mode: on
Address already in use
Port 5000 is in use by another program. Either identify and stop that program, or start the server with a different port.
[Sun May 31 05:12:17 PDT 2026] Flask exited, restarting in 5s...
[2026-05-31 05:12:22.124311] Wrote Pine Script: /home/hunter/sr-levels/universal_levels.pine
 * Serving Flask app 'app'
 * Debug mode: on
Address already in use
Port 5000 is in use by another program. Either identify and stop that program, or start the server with a different port.
[Sun May 31 05:12:22 PDT 2026] Flask exited, restarting in 5s...
[2026-05-31 05:12:27.256159] Wrote Pine Script: /home/hunter/sr-levels/universal_levels.pine
 * Serving Flask app 'app'
 * Debug mode: on
Address already in use
Port 5000 is in use by another program. Either identify and stop that program, or start the server with a different port.
[Sun May 31 05:12:27 PDT 2026] Flask exited, restarting in 5s...
[2026-05-31 05:12:32.363924] Wrote Pine Script: /home/hunter/sr-levels/universal_levels.pine
 * Serving Flask app 'app'
 * Debug mode: on
Address already in use
Port 5000 is in use by another program. Either identify and stop that program, or start the server with a different port.
[Sun May 31 05:12:32 PDT 2026] Flask exited, restarting in 5s...
[2026-05-31 05:12:37.459061] Wrote Pine Script: /home/hunter/sr-levels/universal_levels.pine
 * Serving Flask app 'app'
 * Debug mode: on
Address already in use
Port 5000 is in use by another program. Either identify and stop that program, or start the server with a different port.
[Sun May 31 05:12:37 PDT 2026] Flask exited, restarting in 5s...
[2026-05-31 05:12:42.568737] Wrote Pine Script: /home/hunter/sr-levels/universal_levels.pine
 * Serving Flask app 'app'
 * Debug mode: on
Address already in use
Port 5000 is in use by another program. Either identify and stop that program, or start the server with a different port.
[Sun May 31 05:12:42 PDT 2026] Flask exited, restarting in 5s...
[2026-05-31 05:12:47.681965] Wrote Pine Script: /home/hunter/sr-levels/universal_levels.pine
 * Serving Flask app 'app'
 * Debug mode: on
Address already in use
Port 5000 is in use by another program. Either identify and stop that program, or start the server with a different port.
[Sun May 31 05:12:47 PDT 2026] Flask exited, restarting in 5s...
[2026-05-31 05:12:52.792093] Wrote Pine Script: /home/hunter/sr-levels/universal_levels.pine
 * Serving Flask app 'app'
 * Debug mode: on
Address already in use
Port 5000 is in use by another program. Either identify and stop that program, or start the server with a different port.
[Sun May 31 05:12:52 PDT 2026] Flask exited, restarting in 5s...
[2026-05-31 05:12:57.905487] Wrote Pine Script: /home/hunter/sr-levels/universal_levels.pine
 * Serving Flask app 'app'
 * Debug mode: on
Address already in use
Port 5000 is in use by another program. Either identify and stop that program, or start the server with a different port.
[Sun May 31 05:12:57 PDT 2026] Flask exited, restarting in 5s...
[2026-05-31 05:13:03.019867] Wrote Pine Script: /home/hunter/sr-levels/universal_levels.pine
 * Serving Flask app 'app'
 * Debug mode: on
Address already in use
Port 5000 is in use by another program. Either identify and stop that program, or start the server with a different port.
[Sun May 31 05:13:03 PDT 2026] Flask exited, restarting in 5s...
[2026-05-31 05:13:08.130394] Wrote Pine Script: /home/hunter/sr-levels/universal_levels.pine
 * Serving Flask app 'app'
 * Debug mode: on
Address already in use
Port 5000 is in use by another program. Either identify and stop that program, or start the server with a different port.
[Sun May 31 05:13:08 PDT 2026] Flask exited, restarting in 5s...
[2026-05-31 05:13:13.248684] Wrote Pine Script: /home/hunter/sr-levels/universal_levels.pine
 * Serving Flask app 'app'
 * Debug mode: on
Address already in use
Port 5000 is in use by another program. Either identify and stop that program, or start the server with a different port.
[Sun May 31 05:13:13 PDT 2026] Flask exited, restarting in 5s...
[2026-05-31 05:13:18.359937] Wrote Pine Script: /home/hunter/sr-levels/universal_levels.pine
 * Serving Flask app 'app'
 * Debug mode: on
Address already in use
Port 5000 is in use by another program. Either identify and stop that program, or start the server with a different port.
[Sun May 31 05:13:18 PDT 2026] Flask exited, restarting in 5s...
[2026-05-31 05:13:23.477659] Wrote Pine Script: /home/hunter/sr-levels/universal_levels.pine
 * Serving Flask app 'app'
 * Debug mode: on
Address already in use
Port 5000 is in use by another program. Either identify and stop that program, or start the server with a different port.
[Sun May 31 05:13:23 PDT 2026] Flask exited, restarting in 5s...
[2026-05-31 05:13:28.593543] Wrote Pine Script: /home/hunter/sr-levels/universal_levels.pine
 * Serving Flask app 'app'
 * Debug mode: on
Address already in use
Port 5000 is in use by another program. Either identify and stop that program, or start the server with a different port.
[Sun May 31 05:13:28 PDT 2026] Flask exited, restarting in 5s...
[2026-05-31 05:13:33.691269] Wrote Pine Script: /home/hunter/sr-levels/universal_levels.pine
 * Serving Flask app 'app'
 * Debug mode: on
Address already in use
Port 5000 is in use by another program. Either identify and stop that program, or start the server with a different port.
[Sun May 31 05:13:33 PDT 2026] Flask exited, restarting in 5s...
[2026-05-31 05:13:38.804604] Wrote Pine Script: /home/hunter/sr-levels/universal_levels.pine
 * Serving Flask app 'app'
 * Debug mode: on
Address already in use
Port 5000 is in use by another program. Either identify and stop that program, or start the server with a different port.
[Sun May 31 05:13:38 PDT 2026] Flask exited, restarting in 5s...
[2026-05-31 05:13:43.914777] Wrote Pine Script: /home/hunter/sr-levels/universal_levels.pine
 * Serving Flask app 'app'
 * Debug mode: on
Address already in use
Port 5000 is in use by another program. Either identify and stop that program, or start the server with a different port.
[Sun May 31 05:13:43 PDT 2026] Flask exited, restarting in 5s...
[2026-05-31 05:13:49.022107] Wrote Pine Script: /home/hunter/sr-levels/universal_levels.pine
 * Serving Flask app 'app'
 * Debug mode: on
Address already in use
Port 5000 is in use by another program. Either identify and stop that program, or start the server with a different port.
[Sun May 31 05:13:49 PDT 2026] Flask exited, restarting in 5s...
[2026-05-31 05:13:54.137235] Wrote Pine Script: /home/hunter/sr-levels/universal_levels.pine
 * Serving Flask app 'app'
 * Debug mode: on
Address already in use
Port 5000 is in use by another program. Either identify and stop that program, or start the server with a different port.
[Sun May 31 05:13:54 PDT 2026] Flask exited, restarting in 5s...
[2026-05-31 05:13:59.248202] Wrote Pine Script: /home/hunter/sr-levels/universal_levels.pine
 * Serving Flask app 'app'
 * Debug mode: on
Address already in use
Port 5000 is in use by another program. Either identify and stop that program, or start the server with a different port.
[Sun May 31 05:13:59 PDT 2026] Flask exited, restarting in 5s...
[2026-05-31 05:14:04.341353] Wrote Pine Script: /home/hunter/sr-levels/universal_levels.pine
 * Serving Flask app 'app'
 * Debug mode: on
Address already in use
Port 5000 is in use by another program. Either identify and stop that program, or start the server with a different port.
[Sun May 31 05:14:04 PDT 2026] Flask exited, restarting in 5s...
[2026-05-31 05:14:09.449629] Wrote Pine Script: /home/hunter/sr-levels/universal_levels.pine
 * Serving Flask app 'app'
 * Debug mode: on
Address already in use
Port 5000 is in use by another program. Either identify and stop that program, or start the server with a different port.
[Sun May 31 05:14:09 PDT 2026] Flask exited, restarting in 5s...
[2026-05-31 05:14:14.559644] Wrote Pine Script: /home/hunter/sr-levels/universal_levels.pine
 * Serving Flask app 'app'
 * Debug mode: on
Address already in use
Port 5000 is in use by another program. Either identify and stop that program, or start the server with a different port.
[Sun May 31 05:14:14 PDT 2026] Flask exited, restarting in 5s...
[2026-05-31 05:14:19.670146] Wrote Pine Script: /home/hunter/sr-levels/universal_levels.pine
 * Serving Flask app 'app'
 * Debug mode: on
Address already in use
Port 5000 is in use by another program. Either identify and stop that program, or start the server with a different port.
[Sun May 31 05:14:19 PDT 2026] Flask exited, restarting in 5s...
[2026-05-31 05:14:24.770991] Wrote Pine Script: /home/hunter/sr-levels/universal_levels.pine
 * Serving Flask app 'app'
 * Debug mode: on
Address already in use
Port 5000 is in use by another program. Either identify and stop that program, or start the server with a different port.
[Sun May 31 05:14:24 PDT 2026] Flask exited, restarting in 5s...
[2026-05-31 05:14:29.878990] Wrote Pine Script: /home/hunter/sr-levels/universal_levels.pine
 * Serving Flask app 'app'
 * Debug mode: on
Address already in use
Port 5000 is in use by another program. Either identify and stop that program, or start the server with a different port.
[Sun May 31 05:14:29 PDT 2026] Flask exited, restarting in 5s...
[2026-05-31 05:14:34.980659] Wrote Pine Script: /home/hunter/sr-levels/universal_levels.pine
 * Serving Flask app 'app'
 * Debug mode: on
Address already in use
Port 5000 is in use by another program. Either identify and stop that program, or start the server with a different port.
[Sun May 31 05:14:35 PDT 2026] Flask exited, restarting in 5s...
[2026-05-31 05:14:40.081971] Wrote Pine Script: /home/hunter/sr-levels/universal_levels.pine
 * Serving Flask app 'app'
 * Debug mode: on
Address already in use
Port 5000 is in use by another program. Either identify and stop that program, or start the server with a different port.
[Sun May 31 05:14:40 PDT 2026] Flask exited, restarting in 5s...
[2026-05-31 05:14:45.195533] Wrote Pine Script: /home/hunter/sr-levels/universal_levels.pine
 * Serving Flask app 'app'
 * Debug mode: on
Address already in use
Port 5000 is in use by another program. Either identify and stop that program, or start the server with a different port.
[Sun May 31 05:14:45 PDT 2026] Flask exited, restarting in 5s...
[2026-05-31 05:14:50.300185] Wrote Pine Script: /home/hunter/sr-levels/universal_levels.pine
 * Serving Flask app 'app'
 * Debug mode: on
Address already in use
Port 5000 is in use by another program. Either identify and stop that program, or start the server with a different port.
[Sun May 31 05:14:50 PDT 2026] Flask exited, restarting in 5s...
[2026-05-31 05:14:55.403535] Wrote Pine Script: /home/hunter/sr-levels/universal_levels.pine
 * Serving Flask app 'app'
 * Debug mode: on
Address already in use
Port 5000 is in use by another program. Either identify and stop that program, or start the server with a different port.
[Sun May 31 05:14:55 PDT 2026] Flask exited, restarting in 5s...
[2026-05-31 05:15:00.514375] Wrote Pine Script: /home/hunter/sr-levels/universal_levels.pine
 * Serving Flask app 'app'
 * Debug mode: on
Address already in use
Port 5000 is in use by another program. Either identify and stop that program, or start the server with a different port.
[Sun May 31 05:15:00 PDT 2026] Flask exited, restarting in 5s...
[2026-05-31 05:15:05.616232] Wrote Pine Script: /home/hunter/sr-levels/universal_levels.pine
 * Serving Flask app 'app'
 * Debug mode: on
Address already in use
Port 5000 is in use by another program. Either identify and stop that program, or start the server with a different port.
[Sun May 31 05:15:05 PDT 2026] Flask exited, restarting in 5s...
[2026-05-31 05:15:10.728508] Wrote Pine Script: /home/hunter/sr-levels/universal_levels.pine
 * Serving Flask app 'app'
 * Debug mode: on
Address already in use
Port 5000 is in use by another program. Either identify and stop that program, or start the server with a different port.
[Sun May 31 05:15:10 PDT 2026] Flask exited, restarting in 5s...
[2026-05-31 05:15:15.835800] Wrote Pine Script: /home/hunter/sr-levels/universal_levels.pine
 * Serving Flask app 'app'
 * Debug mode: on
Address already in use
Port 5000 is in use by another program. Either identify and stop that program, or start the server with a different port.
[Sun May 31 05:15:15 PDT 2026] Flask exited, restarting in 5s...
[2026-05-31 05:15:20.938081] Wrote Pine Script: /home/hunter/sr-levels/universal_levels.pine
 * Serving Flask app 'app'
 * Debug mode: on
Address already in use
Port 5000 is in use by another program. Either identify and stop that program, or start the server with a different port.
[Sun May 31 05:15:20 PDT 2026] Flask exited, restarting in 5s...
[2026-05-31 05:15:26.040976] Wrote Pine Script: /home/hunter/sr-levels/universal_levels.pine
 * Serving Flask app 'app'
 * Debug mode: on
Address already in use
Port 5000 is in use by another program. Either identify and stop that program, or start the server with a different port.
[Sun May 31 05:15:26 PDT 2026] Flask exited, restarting in 5s...
[2026-05-31 05:15:31.145464] Wrote Pine Script: /home/hunter/sr-levels/universal_levels.pine
 * Serving Flask app 'app'
 * Debug mode: on
Address already in use
Port 5000 is in use by another program. Either identify and stop that program, or start the server with a different port.
[Sun May 31 05:15:31 PDT 2026] Flask exited, restarting in 5s...
[2026-05-31 05:15:36.247500] Wrote Pine Script: /home/hunter/sr-levels/universal_levels.pine
 * Serving Flask app 'app'
 * Debug mode: on
Address already in use
Port 5000 is in use by another program. Either identify and stop that program, or start the server with a different port.
[Sun May 31 05:15:36 PDT 2026] Flask exited, restarting in 5s...
[2026-05-31 05:15:41.351984] Wrote Pine Script: /home/hunter/sr-levels/universal_levels.pine
 * Serving Flask app 'app'
 * Debug mode: on
Address already in use
Port 5000 is in use by another program. Either identify and stop that program, or start the server with a different port.
[Sun May 31 05:15:41 PDT 2026] Flask exited, restarting in 5s...
[2026-05-31 05:15:46.457360] Wrote Pine Script: /home/hunter/sr-levels/universal_levels.pine
 * Serving Flask app 'app'
 * Debug mode: on
Address already in use
Port 5000 is in use by another program. Either identify and stop that program, or start the server with a different port.
[Sun May 31 05:15:46 PDT 2026] Flask exited, restarting in 5s...
[2026-05-31 05:15:51.567849] Wrote Pine Script: /home/hunter/sr-levels/universal_levels.pine
 * Serving Flask app 'app'
 * Debug mode: on
Address already in use
Port 5000 is in use by another program. Either identify and stop that program, or start the server with a different port.
[Sun May 31 05:15:51 PDT 2026] Flask exited, restarting in 5s...
[2026-05-31 05:15:56.671219] Wrote Pine Script: /home/hunter/sr-levels/universal_levels.pine
 * Serving Flask app 'app'
 * Debug mode: on
Address already in use
Port 5000 is in use by another program. Either identify and stop that program, or start the server with a different port.
[Sun May 31 05:15:56 PDT 2026] Flask exited, restarting in 5s...
[2026-05-31 05:16:01.773253] Wrote Pine Script: /home/hunter/sr-levels/universal_levels.pine
 * Serving Flask app 'app'
 * Debug mode: on
Address already in use
Port 5000 is in use by another program. Either identify and stop that program, or start the server with a different port.
[Sun May 31 05:16:01 PDT 2026] Flask exited, restarting in 5s...
[2026-05-31 05:16:06.868430] Wrote Pine Script: /home/hunter/sr-levels/universal_levels.pine
 * Serving Flask app 'app'
 * Debug mode: on
Address already in use
Port 5000 is in use by another program. Either identify and stop that program, or start the server with a different port.
[Sun May 31 05:16:06 PDT 2026] Flask exited, restarting in 5s...
[2026-05-31 05:16:11.970635] Wrote Pine Script: /home/hunter/sr-levels/universal_levels.pine
 * Serving Flask app 'app'
 * Debug mode: on
Address already in use
Port 5000 is in use by another program. Either identify and stop that program, or start the server with a different port.
[Sun May 31 05:16:12 PDT 2026] Flask exited, restarting in 5s...
[2026-05-31 05:16:17.083496] Wrote Pine Script: /home/hunter/sr-levels/universal_levels.pine
 * Serving Flask app 'app'
 * Debug mode: on
Address already in use
Port 5000 is in use by another program. Either identify and stop that program, or start the server with a different port.
[Sun May 31 05:16:17 PDT 2026] Flask exited, restarting in 5s...
[2026-05-31 05:16:22.195408] Wrote Pine Script: /home/hunter/sr-levels/universal_levels.pine
 * Serving Flask app 'app'
 * Debug mode: on
Address already in use
Port 5000 is in use by another program. Either identify and stop that program, or start the server with a different port.
[Sun May 31 05:16:22 PDT 2026] Flask exited, restarting in 5s...
[2026-05-31 05:16:27.300987] Wrote Pine Script: /home/hunter/sr-levels/universal_levels.pine
 * Serving Flask app 'app'
 * Debug mode: on
Address already in use
Port 5000 is in use by another program. Either identify and stop that program, or start the server with a different port.
[Sun May 31 05:16:27 PDT 2026] Flask exited, restarting in 5s...
[2026-05-31 05:16:32.409362] Wrote Pine Script: /home/hunter/sr-levels/universal_levels.pine
 * Serving Flask app 'app'
 * Debug mode: on
Address already in use
Port 5000 is in use by another program. Either identify and stop that program, or start the server with a different port.
[Sun May 31 05:16:32 PDT 2026] Flask exited, restarting in 5s...
[2026-05-31 05:16:37.500239] Wrote Pine Script: /home/hunter/sr-levels/universal_levels.pine
 * Serving Flask app 'app'
 * Debug mode: on
Address already in use
Port 5000 is in use by another program. Either identify and stop that program, or start the server with a different port.
[Sun May 31 05:16:37 PDT 2026] Flask exited, restarting in 5s...
[2026-05-31 05:16:42.606473] Wrote Pine Script: /home/hunter/sr-levels/universal_levels.pine
 * Serving Flask app 'app'
 * Debug mode: on
Address already in use
Port 5000 is in use by another program. Either identify and stop that program, or start the server with a different port.
[Sun May 31 05:16:42 PDT 2026] Flask exited, restarting in 5s...
[2026-05-31 05:16:47.712456] Wrote Pine Script: /home/hunter/sr-levels/universal_levels.pine
 * Serving Flask app 'app'
 * Debug mode: on
Address already in use
Port 5000 is in use by another program. Either identify and stop that program, or start the server with a different port.
[Sun May 31 05:16:47 PDT 2026] Flask exited, restarting in 5s...
[2026-05-31 05:16:52.816928] Wrote Pine Script: /home/hunter/sr-levels/universal_levels.pine
 * Serving Flask app 'app'
 * Debug mode: on
Address already in use
Port 5000 is in use by another program. Either identify and stop that program, or start the server with a different port.
[Sun May 31 05:16:52 PDT 2026] Flask exited, restarting in 5s...
[2026-05-31 05:16:57.925671] Wrote Pine Script: /home/hunter/sr-levels/universal_levels.pine
 * Serving Flask app 'app'
 * Debug mode: on
Address already in use
Port 5000 is in use by another program. Either identify and stop that program, or start the server with a different port.
[Sun May 31 05:16:57 PDT 2026] Flask exited, restarting in 5s...
[2026-05-31 05:17:03.034193] Wrote Pine Script: /home/hunter/sr-levels/universal_levels.pine
 * Serving Flask app 'app'
 * Debug mode: on
Address already in use
Port 5000 is in use by another program. Either identify and stop that program, or start the server with a different port.
[Sun May 31 05:17:03 PDT 2026] Flask exited, restarting in 5s...
[2026-05-31 05:17:08.131913] Wrote Pine Script: /home/hunter/sr-levels/universal_levels.pine
 * Serving Flask app 'app'
 * Debug mode: on
Address already in use
Port 5000 is in use by another program. Either identify and stop that program, or start the server with a different port.
[Sun May 31 05:17:08 PDT 2026] Flask exited, restarting in 5s...
[2026-05-31 05:17:13.240865] Wrote Pine Script: /home/hunter/sr-levels/universal_levels.pine
 * Serving Flask app 'app'
 * Debug mode: on
Address already in use
Port 5000 is in use by another program. Either identify and stop that program, or start the server with a different port.
[Sun May 31 05:17:13 PDT 2026] Flask exited, restarting in 5s...
[2026-05-31 05:17:18.354681] Wrote Pine Script: /home/hunter/sr-levels/universal_levels.pine
 * Serving Flask app 'app'
 * Debug mode: on
Address already in use
Port 5000 is in use by another program. Either identify and stop that program, or start the server with a different port.
[Sun May 31 05:17:18 PDT 2026] Flask exited, restarting in 5s...
[2026-05-31 05:17:23.465838] Wrote Pine Script: /home/hunter/sr-levels/universal_levels.pine
 * Serving Flask app 'app'
 * Debug mode: on
Address already in use
Port 5000 is in use by another program. Either identify and stop that program, or start the server with a different port.
[Sun May 31 05:17:23 PDT 2026] Flask exited, restarting in 5s...
[2026-05-31 05:17:28.576242] Wrote Pine Script: /home/hunter/sr-levels/universal_levels.pine
 * Serving Flask app 'app'
 * Debug mode: on
Address already in use
Port 5000 is in use by another program. Either identify and stop that program, or start the server with a different port.
[Sun May 31 05:17:28 PDT 2026] Flask exited, restarting in 5s...
[2026-05-31 05:17:33.677471] Wrote Pine Script: /home/hunter/sr-levels/universal_levels.pine
 * Serving Flask app 'app'
 * Debug mode: on
Address already in use
Port 5000 is in use by another program. Either identify and stop that program, or start the server with a different port.
[Sun May 31 05:17:33 PDT 2026] Flask exited, restarting in 5s...
[2026-05-31 05:17:38.783315] Wrote Pine Script: /home/hunter/sr-levels/universal_levels.pine
 * Serving Flask app 'app'
 * Debug mode: on
Address already in use
Port 5000 is in use by another program. Either identify and stop that program, or start the server with a different port.
[Sun May 31 05:17:38 PDT 2026] Flask exited, restarting in 5s...
[2026-05-31 05:17:43.890549] Wrote Pine Script: /home/hunter/sr-levels/universal_levels.pine
 * Serving Flask app 'app'
 * Debug mode: on
Address already in use
Port 5000 is in use by another program. Either identify and stop that program, or start the server with a different port.
[Sun May 31 05:17:43 PDT 2026] Flask exited, restarting in 5s...
[2026-05-31 05:17:48.993666] Wrote Pine Script: /home/hunter/sr-levels/universal_levels.pine
 * Serving Flask app 'app'
 * Debug mode: on
Address already in use
Port 5000 is in use by another program. Either identify and stop that program, or start the server with a different port.
[Sun May 31 05:17:49 PDT 2026] Flask exited, restarting in 5s...
[2026-05-31 05:17:54.100855] Wrote Pine Script: /home/hunter/sr-levels/universal_levels.pine
 * Serving Flask app 'app'
 * Debug mode: on
Address already in use
Port 5000 is in use by another program. Either identify and stop that program, or start the server with a different port.
[Sun May 31 05:17:54 PDT 2026] Flask exited, restarting in 5s...
[2026-05-31 05:17:59.217700] Wrote Pine Script: /home/hunter/sr-levels/universal_levels.pine
 * Serving Flask app 'app'
 * Debug mode: on
Address already in use
Port 5000 is in use by another program. Either identify and stop that program, or start the server with a different port.
[Sun May 31 05:17:59 PDT 2026] Flask exited, restarting in 5s...
[2026-05-31 05:18:04.313465] Wrote Pine Script: /home/hunter/sr-levels/universal_levels.pine
 * Serving Flask app 'app'
 * Debug mode: on
Address already in use
Port 5000 is in use by another program. Either identify and stop that program, or start the server with a different port.
[Sun May 31 05:18:04 PDT 2026] Flask exited, restarting in 5s...
[2026-05-31 05:18:09.422364] Wrote Pine Script: /home/hunter/sr-levels/universal_levels.pine
 * Serving Flask app 'app'
 * Debug mode: on
Address already in use
Port 5000 is in use by another program. Either identify and stop that program, or start the server with a different port.
[Sun May 31 05:18:09 PDT 2026] Flask exited, restarting in 5s...
[2026-05-31 05:18:14.533268] Wrote Pine Script: /home/hunter/sr-levels/universal_levels.pine
 * Serving Flask app 'app'
 * Debug mode: on
Address already in use
Port 5000 is in use by another program. Either identify and stop that program, or start the server with a different port.
[Sun May 31 05:18:14 PDT 2026] Flask exited, restarting in 5s...
[2026-05-31 05:18:19.631996] Wrote Pine Script: /home/hunter/sr-levels/universal_levels.pine
 * Serving Flask app 'app'
 * Debug mode: on
Address already in use
Port 5000 is in use by another program. Either identify and stop that program, or start the server with a different port.
[Sun May 31 05:18:19 PDT 2026] Flask exited, restarting in 5s...
[2026-05-31 05:18:24.735699] Wrote Pine Script: /home/hunter/sr-levels/universal_levels.pine
 * Serving Flask app 'app'
 * Debug mode: on
Address already in use
Port 5000 is in use by another program. Either identify and stop that program, or start the server with a different port.
[Sun May 31 05:18:24 PDT 2026] Flask exited, restarting in 5s...
[2026-05-31 05:18:29.841976] Wrote Pine Script: /home/hunter/sr-levels/universal_levels.pine
 * Serving Flask app 'app'
 * Debug mode: on
Address already in use
Port 5000 is in use by another program. Either identify and stop that program, or start the server with a different port.
[Sun May 31 05:18:29 PDT 2026] Flask exited, restarting in 5s...
[2026-05-31 05:18:34.946619] Wrote Pine Script: /home/hunter/sr-levels/universal_levels.pine
 * Serving Flask app 'app'
 * Debug mode: on
Address already in use
Port 5000 is in use by another program. Either identify and stop that program, or start the server with a different port.
[Sun May 31 05:18:34 PDT 2026] Flask exited, restarting in 5s...
[2026-05-31 05:18:40.053448] Wrote Pine Script: /home/hunter/sr-levels/universal_levels.pine
 * Serving Flask app 'app'
 * Debug mode: on
Address already in use
Port 5000 is in use by another program. Either identify and stop that program, or start the server with a different port.
[Sun May 31 05:18:40 PDT 2026] Flask exited, restarting in 5s...
[2026-05-31 05:18:45.164422] Wrote Pine Script: /home/hunter/sr-levels/universal_levels.pine
 * Serving Flask app 'app'
 * Debug mode: on
Address already in use
Port 5000 is in use by another program. Either identify and stop that program, or start the server with a different port.
[Sun May 31 05:18:45 PDT 2026] Flask exited, restarting in 5s...
[2026-05-31 05:18:50.265284] Wrote Pine Script: /home/hunter/sr-levels/universal_levels.pine
 * Serving Flask app 'app'
 * Debug mode: on
Address already in use
Port 5000 is in use by another program. Either identify and stop that program, or start the server with a different port.
[Sun May 31 05:18:50 PDT 2026] Flask exited, restarting in 5s...
[2026-05-31 05:18:55.367398] Wrote Pine Script: /home/hunter/sr-levels/universal_levels.pine
 * Serving Flask app 'app'
 * Debug mode: on
Address already in use
Port 5000 is in use by another program. Either identify and stop that program, or start the server with a different port.
[Sun May 31 05:18:55 PDT 2026] Flask exited, restarting in 5s...
[2026-05-31 05:19:00.472352] Wrote Pine Script: /home/hunter/sr-levels/universal_levels.pine
 * Serving Flask app 'app'
 * Debug mode: on
Address already in use
Port 5000 is in use by another program. Either identify and stop that program, or start the server with a different port.
[Sun May 31 05:19:00 PDT 2026] Flask exited, restarting in 5s...
[2026-05-31 05:19:05.563275] Wrote Pine Script: /home/hunter/sr-levels/universal_levels.pine
 * Serving Flask app 'app'
 * Debug mode: on
Address already in use
Port 5000 is in use by another program. Either identify and stop that program, or start the server with a different port.
[Sun May 31 05:19:05 PDT 2026] Flask exited, restarting in 5s...
[2026-05-31 05:19:10.665694] Wrote Pine Script: /home/hunter/sr-levels/universal_levels.pine
 * Serving Flask app 'app'
 * Debug mode: on
Address already in use
Port 5000 is in use by another program. Either identify and stop that program, or start the server with a different port.
[Sun May 31 05:19:10 PDT 2026] Flask exited, restarting in 5s...
[2026-05-31 05:19:15.768550] Wrote Pine Script: /home/hunter/sr-levels/universal_levels.pine
 * Serving Flask app 'app'
 * Debug mode: on
Address already in use
Port 5000 is in use by another program. Either identify and stop that program, or start the server with a different port.
[Sun May 31 05:19:15 PDT 2026] Flask exited, restarting in 5s...
[2026-05-31 05:19:20.876094] Wrote Pine Script: /home/hunter/sr-levels/universal_levels.pine
 * Serving Flask app 'app'
 * Debug mode: on
Address already in use
Port 5000 is in use by another program. Either identify and stop that program, or start the server with a different port.
[Sun May 31 05:19:20 PDT 2026] Flask exited, restarting in 5s...
[2026-05-31 05:19:25.982581] Wrote Pine Script: /home/hunter/sr-levels/universal_levels.pine
 * Serving Flask app 'app'
 * Debug mode: on
Address already in use
Port 5000 is in use by another program. Either identify and stop that program, or start the server with a different port.
[Sun May 31 05:19:26 PDT 2026] Flask exited, restarting in 5s...
[2026-05-31 05:19:31.083749] Wrote Pine Script: /home/hunter/sr-levels/universal_levels.pine
 * Serving Flask app 'app'
 * Debug mode: on
Address already in use
Port 5000 is in use by another program. Either identify and stop that program, or start the server with a different port.
[Sun May 31 05:19:31 PDT 2026] Flask exited, restarting in 5s...
[2026-05-31 05:19:36.179543] Wrote Pine Script: /home/hunter/sr-levels/universal_levels.pine
 * Serving Flask app 'app'
 * Debug mode: on
Address already in use
Port 5000 is in use by another program. Either identify and stop that program, or start the server with a different port.
[Sun May 31 05:19:36 PDT 2026] Flask exited, restarting in 5s...
[2026-05-31 05:19:41.285629] Wrote Pine Script: /home/hunter/sr-levels/universal_levels.pine
 * Serving Flask app 'app'
 * Debug mode: on
Address already in use
Port 5000 is in use by another program. Either identify and stop that program, or start the server with a different port.
[Sun May 31 05:19:41 PDT 2026] Flask exited, restarting in 5s...
[2026-05-31 05:19:46.384926] Wrote Pine Script: /home/hunter/sr-levels/universal_levels.pine
 * Serving Flask app 'app'
 * Debug mode: on
Address already in use
Port 5000 is in use by another program. Either identify and stop that program, or start the server with a different port.
[Sun May 31 05:19:46 PDT 2026] Flask exited, restarting in 5s...
[2026-05-31 05:19:51.486733] Wrote Pine Script: /home/hunter/sr-levels/universal_levels.pine
 * Serving Flask app 'app'
 * Debug mode: on
Address already in use
Port 5000 is in use by another program. Either identify and stop that program, or start the server with a different port.
[Sun May 31 05:19:51 PDT 2026] Flask exited, restarting in 5s...
[2026-05-31 05:19:56.589631] Wrote Pine Script: /home/hunter/sr-levels/universal_levels.pine
 * Serving Flask app 'app'
 * Debug mode: on
Address already in use
Port 5000 is in use by another program. Either identify and stop that program, or start the server with a different port.
[Sun May 31 05:19:56 PDT 2026] Flask exited, restarting in 5s...
[2026-05-31 05:20:01.690481] Wrote Pine Script: /home/hunter/sr-levels/universal_levels.pine
 * Serving Flask app 'app'
 * Debug mode: on
Address already in use
Port 5000 is in use by another program. Either identify and stop that program, or start the server with a different port.
[Sun May 31 05:20:01 PDT 2026] Flask exited, restarting in 5s...
[2026-05-31 05:20:06.783828] Wrote Pine Script: /home/hunter/sr-levels/universal_levels.pine
 * Serving Flask app 'app'
 * Debug mode: on
Address already in use
Port 5000 is in use by another program. Either identify and stop that program, or start the server with a different port.
[Sun May 31 05:20:06 PDT 2026] Flask exited, restarting in 5s...
[2026-05-31 05:20:11.888214] Wrote Pine Script: /home/hunter/sr-levels/universal_levels.pine
 * Serving Flask app 'app'
 * Debug mode: on
Address already in use
Port 5000 is in use by another program. Either identify and stop that program, or start the server with a different port.
[Sun May 31 05:20:11 PDT 2026] Flask exited, restarting in 5s...
[2026-05-31 05:20:17.003841] Wrote Pine Script: /home/hunter/sr-levels/universal_levels.pine
 * Serving Flask app 'app'
 * Debug mode: on
Address already in use
Port 5000 is in use by another program. Either identify and stop that program, or start the server with a different port.
[Sun May 31 05:20:17 PDT 2026] Flask exited, restarting in 5s...
[2026-05-31 05:20:22.112880] Wrote Pine Script: /home/hunter/sr-levels/universal_levels.pine
 * Serving Flask app 'app'
 * Debug mode: on
Address already in use
Port 5000 is in use by another program. Either identify and stop that program, or start the server with a different port.
[Sun May 31 05:20:22 PDT 2026] Flask exited, restarting in 5s...
[2026-05-31 05:20:27.224894] Wrote Pine Script: /home/hunter/sr-levels/universal_levels.pine
 * Serving Flask app 'app'
 * Debug mode: on
Address already in use
Port 5000 is in use by another program. Either identify and stop that program, or start the server with a different port.
[Sun May 31 05:20:27 PDT 2026] Flask exited, restarting in 5s...
[2026-05-31 05:20:32.326002] Wrote Pine Script: /home/hunter/sr-levels/universal_levels.pine
 * Serving Flask app 'app'
 * Debug mode: on
Address already in use
Port 5000 is in use by another program. Either identify and stop that program, or start the server with a different port.
[Sun May 31 05:20:32 PDT 2026] Flask exited, restarting in 5s...
[2026-05-31 05:20:37.413737] Wrote Pine Script: /home/hunter/sr-levels/universal_levels.pine
 * Serving Flask app 'app'
 * Debug mode: on
Address already in use
Port 5000 is in use by another program. Either identify and stop that program, or start the server with a different port.
[Sun May 31 05:20:37 PDT 2026] Flask exited, restarting in 5s...
[2026-05-31 05:20:42.514718] Wrote Pine Script: /home/hunter/sr-levels/universal_levels.pine
 * Serving Flask app 'app'
 * Debug mode: on
Address already in use
Port 5000 is in use by another program. Either identify and stop that program, or start the server with a different port.
[Sun May 31 05:20:42 PDT 2026] Flask exited, restarting in 5s...
[2026-05-31 05:20:47.623494] Wrote Pine Script: /home/hunter/sr-levels/universal_levels.pine
 * Serving Flask app 'app'
 * Debug mode: on
Address already in use
Port 5000 is in use by another program. Either identify and stop that program, or start the server with a different port.
[Sun May 31 05:20:47 PDT 2026] Flask exited, restarting in 5s...
[2026-05-31 05:20:52.735055] Wrote Pine Script: /home/hunter/sr-levels/universal_levels.pine
 * Serving Flask app 'app'
 * Debug mode: on
Address already in use
Port 5000 is in use by another program. Either identify and stop that program, or start the server with a different port.
[Sun May 31 05:20:52 PDT 2026] Flask exited, restarting in 5s...
[2026-05-31 05:20:57.837677] Wrote Pine Script: /home/hunter/sr-levels/universal_levels.pine
 * Serving Flask app 'app'
 * Debug mode: on
Address already in use
Port 5000 is in use by another program. Either identify and stop that program, or start the server with a different port.
[Sun May 31 05:20:57 PDT 2026] Flask exited, restarting in 5s...
[2026-05-31 05:21:02.942371] Wrote Pine Script: /home/hunter/sr-levels/universal_levels.pine
 * Serving Flask app 'app'
 * Debug mode: on
Address already in use
Port 5000 is in use by another program. Either identify and stop that program, or start the server with a different port.
[Sun May 31 05:21:02 PDT 2026] Flask exited, restarting in 5s...
[2026-05-31 05:21:08.028684] Wrote Pine Script: /home/hunter/sr-levels/universal_levels.pine
 * Serving Flask app 'app'
 * Debug mode: on
Address already in use
Port 5000 is in use by another program. Either identify and stop that program, or start the server with a different port.
[Sun May 31 05:21:08 PDT 2026] Flask exited, restarting in 5s...
[2026-05-31 05:21:13.133588] Wrote Pine Script: /home/hunter/sr-levels/universal_levels.pine
 * Serving Flask app 'app'
 * Debug mode: on
Address already in use
Port 5000 is in use by another program. Either identify and stop that program, or start the server with a different port.
[Sun May 31 05:21:13 PDT 2026] Flask exited, restarting in 5s...
[2026-05-31 05:21:18.233398] Wrote Pine Script: /home/hunter/sr-levels/universal_levels.pine
 * Serving Flask app 'app'
 * Debug mode: on
Address already in use
Port 5000 is in use by another program. Either identify and stop that program, or start the server with a different port.
[Sun May 31 05:21:18 PDT 2026] Flask exited, restarting in 5s...
[2026-05-31 05:21:23.334907] Wrote Pine Script: /home/hunter/sr-levels/universal_levels.pine
 * Serving Flask app 'app'
 * Debug mode: on
Address already in use
Port 5000 is in use by another program. Either identify and stop that program, or start the server with a different port.
[Sun May 31 05:21:23 PDT 2026] Flask exited, restarting in 5s...
[2026-05-31 05:21:28.444992] Wrote Pine Script: /home/hunter/sr-levels/universal_levels.pine
 * Serving Flask app 'app'
 * Debug mode: on
Address already in use
Port 5000 is in use by another program. Either identify and stop that program, or start the server with a different port.
[Sun May 31 05:21:28 PDT 2026] Flask exited, restarting in 5s...
[2026-05-31 05:21:33.541530] Wrote Pine Script: /home/hunter/sr-levels/universal_levels.pine
 * Serving Flask app 'app'
 * Debug mode: on
Address already in use
Port 5000 is in use by another program. Either identify and stop that program, or start the server with a different port.
[Sun May 31 05:21:33 PDT 2026] Flask exited, restarting in 5s...
[2026-05-31 05:21:38.645504] Wrote Pine Script: /home/hunter/sr-levels/universal_levels.pine
 * Serving Flask app 'app'
 * Debug mode: on
Address already in use
Port 5000 is in use by another program. Either identify and stop that program, or start the server with a different port.
[Sun May 31 05:21:38 PDT 2026] Flask exited, restarting in 5s...
[2026-05-31 05:21:43.748558] Wrote Pine Script: /home/hunter/sr-levels/universal_levels.pine
 * Serving Flask app 'app'
 * Debug mode: on
Address already in use
Port 5000 is in use by another program. Either identify and stop that program, or start the server with a different port.
[Sun May 31 05:21:43 PDT 2026] Flask exited, restarting in 5s...
[2026-05-31 05:21:48.849219] Wrote Pine Script: /home/hunter/sr-levels/universal_levels.pine
 * Serving Flask app 'app'
 * Debug mode: on
Address already in use
Port 5000 is in use by another program. Either identify and stop that program, or start the server with a different port.
[Sun May 31 05:21:48 PDT 2026] Flask exited, restarting in 5s...
[2026-05-31 05:21:53.955274] Wrote Pine Script: /home/hunter/sr-levels/universal_levels.pine
 * Serving Flask app 'app'
 * Debug mode: on
Address already in use
Port 5000 is in use by another program. Either identify and stop that program, or start the server with a different port.
[Sun May 31 05:21:53 PDT 2026] Flask exited, restarting in 5s...
[2026-05-31 05:21:59.055806] Wrote Pine Script: /home/hunter/sr-levels/universal_levels.pine
 * Serving Flask app 'app'
 * Debug mode: on
Address already in use
Port 5000 is in use by another program. Either identify and stop that program, or start the server with a different port.
[Sun May 31 05:21:59 PDT 2026] Flask exited, restarting in 5s...
[2026-05-31 05:22:04.152202] Wrote Pine Script: /home/hunter/sr-levels/universal_levels.pine
 * Serving Flask app 'app'
 * Debug mode: on
Address already in use
Port 5000 is in use by another program. Either identify and stop that program, or start the server with a different port.
[Sun May 31 05:22:04 PDT 2026] Flask exited, restarting in 5s...
[2026-05-31 05:22:09.261357] Wrote Pine Script: /home/hunter/sr-levels/universal_levels.pine
 * Serving Flask app 'app'
 * Debug mode: on
Address already in use
Port 5000 is in use by another program. Either identify and stop that program, or start the server with a different port.
[Sun May 31 05:22:09 PDT 2026] Flask exited, restarting in 5s...
[2026-05-31 05:22:14.364661] Wrote Pine Script: /home/hunter/sr-levels/universal_levels.pine
 * Serving Flask app 'app'
 * Debug mode: on
Address already in use
Port 5000 is in use by another program. Either identify and stop that program, or start the server with a different port.
[Sun May 31 05:22:14 PDT 2026] Flask exited, restarting in 5s...
[2026-05-31 05:22:19.468684] Wrote Pine Script: /home/hunter/sr-levels/universal_levels.pine
 * Serving Flask app 'app'
 * Debug mode: on
Address already in use
Port 5000 is in use by another program. Either identify and stop that program, or start the server with a different port.
[Sun May 31 05:22:19 PDT 2026] Flask exited, restarting in 5s...
[2026-05-31 05:22:24.569587] Wrote Pine Script: /home/hunter/sr-levels/universal_levels.pine
 * Serving Flask app 'app'
 * Debug mode: on
Address already in use
Port 5000 is in use by another program. Either identify and stop that program, or start the server with a different port.
[Sun May 31 05:22:24 PDT 2026] Flask exited, restarting in 5s...
[2026-05-31 05:22:29.678865] Wrote Pine Script: /home/hunter/sr-levels/universal_levels.pine
 * Serving Flask app 'app'
 * Debug mode: on
Address already in use
Port 5000 is in use by another program. Either identify and stop that program, or start the server with a different port.
[Sun May 31 05:22:29 PDT 2026] Flask exited, restarting in 5s...
[2026-05-31 05:22:34.769619] Wrote Pine Script: /home/hunter/sr-levels/universal_levels.pine
 * Serving Flask app 'app'
 * Debug mode: on
Address already in use
Port 5000 is in use by another program. Either identify and stop that program, or start the server with a different port.
[Sun May 31 05:22:34 PDT 2026] Flask exited, restarting in 5s...
[2026-05-31 05:22:39.876666] Wrote Pine Script: /home/hunter/sr-levels/universal_levels.pine
 * Serving Flask app 'app'
 * Debug mode: on
Address already in use
Port 5000 is in use by another program. Either identify and stop that program, or start the server with a different port.
[Sun May 31 05:22:39 PDT 2026] Flask exited, restarting in 5s...
[2026-05-31 05:22:44.982708] Wrote Pine Script: /home/hunter/sr-levels/universal_levels.pine
 * Serving Flask app 'app'
 * Debug mode: on
Address already in use
Port 5000 is in use by another program. Either identify and stop that program, or start the server with a different port.
[Sun May 31 05:22:45 PDT 2026] Flask exited, restarting in 5s...
[2026-05-31 05:22:50.083715] Wrote Pine Script: /home/hunter/sr-levels/universal_levels.pine
 * Serving Flask app 'app'
 * Debug mode: on
Address already in use
Port 5000 is in use by another program. Either identify and stop that program, or start the server with a different port.
[Sun May 31 05:22:50 PDT 2026] Flask exited, restarting in 5s...
[2026-05-31 05:22:55.194243] Wrote Pine Script: /home/hunter/sr-levels/universal_levels.pine
 * Serving Flask app 'app'
 * Debug mode: on
Address already in use
Port 5000 is in use by another program. Either identify and stop that program, or start the server with a different port.
[Sun May 31 05:22:55 PDT 2026] Flask exited, restarting in 5s...
[2026-05-31 05:23:00.305863] Wrote Pine Script: /home/hunter/sr-levels/universal_levels.pine
 * Serving Flask app 'app'
 * Debug mode: on
Address already in use
Port 5000 is in use by another program. Either identify and stop that program, or start the server with a different port.
[Sun May 31 05:23:00 PDT 2026] Flask exited, restarting in 5s...
[2026-05-31 05:23:05.399837] Wrote Pine Script: /home/hunter/sr-levels/universal_levels.pine
 * Serving Flask app 'app'
 * Debug mode: on
Address already in use
Port 5000 is in use by another program. Either identify and stop that program, or start the server with a different port.
[Sun May 31 05:23:05 PDT 2026] Flask exited, restarting in 5s...
[2026-05-31 05:23:10.513471] Wrote Pine Script: /home/hunter/sr-levels/universal_levels.pine
 * Serving Flask app 'app'
 * Debug mode: on
Address already in use
Port 5000 is in use by another program. Either identify and stop that program, or start the server with a different port.
[Sun May 31 05:23:10 PDT 2026] Flask exited, restarting in 5s...
[2026-05-31 05:23:15.624229] Wrote Pine Script: /home/hunter/sr-levels/universal_levels.pine
 * Serving Flask app 'app'
 * Debug mode: on
Address already in use
Port 5000 is in use by another program. Either identify and stop that program, or start the server with a different port.
[Sun May 31 05:23:15 PDT 2026] Flask exited, restarting in 5s...
[2026-05-31 05:23:20.735748] Wrote Pine Script: /home/hunter/sr-levels/universal_levels.pine
 * Serving Flask app 'app'
 * Debug mode: on
Address already in use
Port 5000 is in use by another program. Either identify and stop that program, or start the server with a different port.
[Sun May 31 05:23:20 PDT 2026] Flask exited, restarting in 5s...
[2026-05-31 05:23:25.845516] Wrote Pine Script: /home/hunter/sr-levels/universal_levels.pine
 * Serving Flask app 'app'
 * Debug mode: on
Address already in use
Port 5000 is in use by another program. Either identify and stop that program, or start the server with a different port.
[Sun May 31 05:23:25 PDT 2026] Flask exited, restarting in 5s...
[2026-05-31 05:23:30.952448] Wrote Pine Script: /home/hunter/sr-levels/universal_levels.pine
 * Serving Flask app 'app'
 * Debug mode: on
Address already in use
Port 5000 is in use by another program. Either identify and stop that program, or start the server with a different port.
[Sun May 31 05:23:30 PDT 2026] Flask exited, restarting in 5s...
[2026-05-31 05:23:36.050045] Wrote Pine Script: /home/hunter/sr-levels/universal_levels.pine
 * Serving Flask app 'app'
 * Debug mode: on
Address already in use
Port 5000 is in use by another program. Either identify and stop that program, or start the server with a different port.
[Sun May 31 05:23:36 PDT 2026] Flask exited, restarting in 5s...
[2026-05-31 05:23:41.167755] Wrote Pine Script: /home/hunter/sr-levels/universal_levels.pine
 * Serving Flask app 'app'
 * Debug mode: on
Address already in use
Port 5000 is in use by another program. Either identify and stop that program, or start the server with a different port.
[Sun May 31 05:23:41 PDT 2026] Flask exited, restarting in 5s...
[2026-05-31 05:23:46.281246] Wrote Pine Script: /home/hunter/sr-levels/universal_levels.pine
 * Serving Flask app 'app'
 * Debug mode: on
Address already in use
Port 5000 is in use by another program. Either identify and stop that program, or start the server with a different port.
[Sun May 31 05:23:46 PDT 2026] Flask exited, restarting in 5s...
[2026-05-31 05:23:51.382319] Wrote Pine Script: /home/hunter/sr-levels/universal_levels.pine
 * Serving Flask app 'app'
 * Debug mode: on
Address already in use
Port 5000 is in use by another program. Either identify and stop that program, or start the server with a different port.
[Sun May 31 05:23:51 PDT 2026] Flask exited, restarting in 5s...
[2026-05-31 05:23:56.497857] Wrote Pine Script: /home/hunter/sr-levels/universal_levels.pine
 * Serving Flask app 'app'
 * Debug mode: on
Address already in use
Port 5000 is in use by another program. Either identify and stop that program, or start the server with a different port.
[Sun May 31 05:23:56 PDT 2026] Flask exited, restarting in 5s...
[2026-05-31 05:24:01.614888] Wrote Pine Script: /home/hunter/sr-levels/universal_levels.pine
 * Serving Flask app 'app'
 * Debug mode: on
Address already in use
Port 5000 is in use by another program. Either identify and stop that program, or start the server with a different port.
[Sun May 31 05:24:01 PDT 2026] Flask exited, restarting in 5s...
[2026-05-31 05:24:06.712365] Wrote Pine Script: /home/hunter/sr-levels/universal_levels.pine
 * Serving Flask app 'app'
 * Debug mode: on
Address already in use
Port 5000 is in use by another program. Either identify and stop that program, or start the server with a different port.
[Sun May 31 05:24:06 PDT 2026] Flask exited, restarting in 5s...
[2026-05-31 05:24:11.822600] Wrote Pine Script: /home/hunter/sr-levels/universal_levels.pine
 * Serving Flask app 'app'
 * Debug mode: on
Address already in use
Port 5000 is in use by another program. Either identify and stop that program, or start the server with a different port.
[Sun May 31 05:24:11 PDT 2026] Flask exited, restarting in 5s...
[2026-05-31 05:24:16.930565] Wrote Pine Script: /home/hunter/sr-levels/universal_levels.pine
 * Serving Flask app 'app'
 * Debug mode: on
Address already in use
Port 5000 is in use by another program. Either identify and stop that program, or start the server with a different port.
[Sun May 31 05:24:16 PDT 2026] Flask exited, restarting in 5s...
[2026-05-31 05:24:22.041937] Wrote Pine Script: /home/hunter/sr-levels/universal_levels.pine
 * Serving Flask app 'app'
 * Debug mode: on
Address already in use
Port 5000 is in use by another program. Either identify and stop that program, or start the server with a different port.
[Sun May 31 05:24:22 PDT 2026] Flask exited, restarting in 5s...
[2026-05-31 05:24:27.149688] Wrote Pine Script: /home/hunter/sr-levels/universal_levels.pine
 * Serving Flask app 'app'
 * Debug mode: on
Address already in use
Port 5000 is in use by another program. Either identify and stop that program, or start the server with a different port.
[Sun May 31 05:24:27 PDT 2026] Flask exited, restarting in 5s...
[2026-05-31 05:24:32.258567] Wrote Pine Script: /home/hunter/sr-levels/universal_levels.pine
 * Serving Flask app 'app'
 * Debug mode: on
Address already in use
Port 5000 is in use by another program. Either identify and stop that program, or start the server with a different port.
[Sun May 31 05:24:32 PDT 2026] Flask exited, restarting in 5s...
[2026-05-31 05:24:37.357000] Wrote Pine Script: /home/hunter/sr-levels/universal_levels.pine
 * Serving Flask app 'app'
 * Debug mode: on
Address already in use
Port 5000 is in use by another program. Either identify and stop that program, or start the server with a different port.
[Sun May 31 05:24:37 PDT 2026] Flask exited, restarting in 5s...
[2026-05-31 05:24:42.458495] Wrote Pine Script: /home/hunter/sr-levels/universal_levels.pine
 * Serving Flask app 'app'
 * Debug mode: on
Address already in use
Port 5000 is in use by another program. Either identify and stop that program, or start the server with a different port.
[Sun May 31 05:24:42 PDT 2026] Flask exited, restarting in 5s...
[2026-05-31 05:24:47.560250] Wrote Pine Script: /home/hunter/sr-levels/universal_levels.pine
 * Serving Flask app 'app'
 * Debug mode: on
Address already in use
Port 5000 is in use by another program. Either identify and stop that program, or start the server with a different port.
[Sun May 31 05:24:47 PDT 2026] Flask exited, restarting in 5s...
[2026-05-31 05:24:52.664743] Wrote Pine Script: /home/hunter/sr-levels/universal_levels.pine
 * Serving Flask app 'app'
 * Debug mode: on
Address already in use
Port 5000 is in use by another program. Either identify and stop that program, or start the server with a different port.
[Sun May 31 05:24:52 PDT 2026] Flask exited, restarting in 5s...
[2026-05-31 05:24:57.764269] Wrote Pine Script: /home/hunter/sr-levels/universal_levels.pine
 * Serving Flask app 'app'
 * Debug mode: on
Address already in use
Port 5000 is in use by another program. Either identify and stop that program, or start the server with a different port.
[Sun May 31 05:24:57 PDT 2026] Flask exited, restarting in 5s...
[2026-05-31 05:25:02.862859] Wrote Pine Script: /home/hunter/sr-levels/universal_levels.pine
 * Serving Flask app 'app'
 * Debug mode: on
Address already in use
Port 5000 is in use by another program. Either identify and stop that program, or start the server with a different port.
[Sun May 31 05:25:02 PDT 2026] Flask exited, restarting in 5s...
[2026-05-31 05:25:07.959875] Wrote Pine Script: /home/hunter/sr-levels/universal_levels.pine
 * Serving Flask app 'app'
 * Debug mode: on
Address already in use
Port 5000 is in use by another program. Either identify and stop that program, or start the server with a different port.
[Sun May 31 05:25:07 PDT 2026] Flask exited, restarting in 5s...
[2026-05-31 05:25:13.061242] Wrote Pine Script: /home/hunter/sr-levels/universal_levels.pine
 * Serving Flask app 'app'
 * Debug mode: on
Address already in use
Port 5000 is in use by another program. Either identify and stop that program, or start the server with a different port.
[Sun May 31 05:25:13 PDT 2026] Flask exited, restarting in 5s...
[2026-05-31 05:25:18.171597] Wrote Pine Script: /home/hunter/sr-levels/universal_levels.pine
 * Serving Flask app 'app'
 * Debug mode: on
Address already in use
Port 5000 is in use by another program. Either identify and stop that program, or start the server with a different port.
[Sun May 31 05:25:18 PDT 2026] Flask exited, restarting in 5s...
[2026-05-31 05:25:23.278897] Wrote Pine Script: /home/hunter/sr-levels/universal_levels.pine
 * Serving Flask app 'app'
 * Debug mode: on
Address already in use
Port 5000 is in use by another program. Either identify and stop that program, or start the server with a different port.
[Sun May 31 05:25:23 PDT 2026] Flask exited, restarting in 5s...
[2026-05-31 05:25:28.386788] Wrote Pine Script: /home/hunter/sr-levels/universal_levels.pine
 * Serving Flask app 'app'
 * Debug mode: on
Address already in use
Port 5000 is in use by another program. Either identify and stop that program, or start the server with a different port.
[Sun May 31 05:25:28 PDT 2026] Flask exited, restarting in 5s...
[2026-05-31 05:25:33.480947] Wrote Pine Script: /home/hunter/sr-levels/universal_levels.pine
 * Serving Flask app 'app'
 * Debug mode: on
Address already in use
Port 5000 is in use by another program. Either identify and stop that program, or start the server with a different port.
[Sun May 31 05:25:33 PDT 2026] Flask exited, restarting in 5s...
[2026-05-31 05:25:38.586508] Wrote Pine Script: /home/hunter/sr-levels/universal_levels.pine
 * Serving Flask app 'app'
 * Debug mode: on
Address already in use
Port 5000 is in use by another program. Either identify and stop that program, or start the server with a different port.
[Sun May 31 05:25:38 PDT 2026] Flask exited, restarting in 5s...
[2026-05-31 05:25:43.692715] Wrote Pine Script: /home/hunter/sr-levels/universal_levels.pine
 * Serving Flask app 'app'
 * Debug mode: on
Address already in use
Port 5000 is in use by another program. Either identify and stop that program, or start the server with a different port.
[Sun May 31 05:25:43 PDT 2026] Flask exited, restarting in 5s...
[2026-05-31 05:25:48.798370] Wrote Pine Script: /home/hunter/sr-levels/universal_levels.pine
 * Serving Flask app 'app'
 * Debug mode: on
Address already in use
Port 5000 is in use by another program. Either identify and stop that program, or start the server with a different port.
[Sun May 31 05:25:48 PDT 2026] Flask exited, restarting in 5s...
[2026-05-31 05:25:53.912435] Wrote Pine Script: /home/hunter/sr-levels/universal_levels.pine
 * Serving Flask app 'app'
 * Debug mode: on
Address already in use
Port 5000 is in use by another program. Either identify and stop that program, or start the server with a different port.
[Sun May 31 05:25:53 PDT 2026] Flask exited, restarting in 5s...
[2026-05-31 05:25:59.028654] Wrote Pine Script: /home/hunter/sr-levels/universal_levels.pine
 * Serving Flask app 'app'
 * Debug mode: on
Address already in use
Port 5000 is in use by another program. Either identify and stop that program, or start the server with a different port.
[Sun May 31 05:25:59 PDT 2026] Flask exited, restarting in 5s...
[2026-05-31 05:26:04.137350] Wrote Pine Script: /home/hunter/sr-levels/universal_levels.pine
 * Serving Flask app 'app'
 * Debug mode: on
Address already in use
Port 5000 is in use by another program. Either identify and stop that program, or start the server with a different port.
[Sun May 31 05:26:04 PDT 2026] Flask exited, restarting in 5s...
[2026-05-31 05:26:09.251461] Wrote Pine Script: /home/hunter/sr-levels/universal_levels.pine
 * Serving Flask app 'app'
 * Debug mode: on
Address already in use
Port 5000 is in use by another program. Either identify and stop that program, or start the server with a different port.
[Sun May 31 05:26:09 PDT 2026] Flask exited, restarting in 5s...
[2026-05-31 05:26:14.361293] Wrote Pine Script: /home/hunter/sr-levels/universal_levels.pine
 * Serving Flask app 'app'
 * Debug mode: on
Address already in use
Port 5000 is in use by another program. Either identify and stop that program, or start the server with a different port.
[Sun May 31 05:26:14 PDT 2026] Flask exited, restarting in 5s...
[2026-05-31 05:26:19.469969] Wrote Pine Script: /home/hunter/sr-levels/universal_levels.pine
 * Serving Flask app 'app'
 * Debug mode: on
Address already in use
Port 5000 is in use by another program. Either identify and stop that program, or start the server with a different port.
[Sun May 31 05:26:19 PDT 2026] Flask exited, restarting in 5s...
[2026-05-31 05:26:24.583646] Wrote Pine Script: /home/hunter/sr-levels/universal_levels.pine
 * Serving Flask app 'app'
 * Debug mode: on
Address already in use
Port 5000 is in use by another program. Either identify and stop that program, or start the server with a different port.
[Sun May 31 05:26:24 PDT 2026] Flask exited, restarting in 5s...
[2026-05-31 05:26:29.698809] Wrote Pine Script: /home/hunter/sr-levels/universal_levels.pine
 * Serving Flask app 'app'
 * Debug mode: on
Address already in use
Port 5000 is in use by another program. Either identify and stop that program, or start the server with a different port.
[Sun May 31 05:26:29 PDT 2026] Flask exited, restarting in 5s...
[2026-05-31 05:26:34.795040] Wrote Pine Script: /home/hunter/sr-levels/universal_levels.pine
 * Serving Flask app 'app'
 * Debug mode: on
Address already in use
Port 5000 is in use by another program. Either identify and stop that program, or start the server with a different port.
[Sun May 31 05:26:34 PDT 2026] Flask exited, restarting in 5s...
[2026-05-31 05:26:39.908364] Wrote Pine Script: /home/hunter/sr-levels/universal_levels.pine
 * Serving Flask app 'app'
 * Debug mode: on
Address already in use
Port 5000 is in use by another program. Either identify and stop that program, or start the server with a different port.
[Sun May 31 05:26:39 PDT 2026] Flask exited, restarting in 5s...
[2026-05-31 05:26:45.014395] Wrote Pine Script: /home/hunter/sr-levels/universal_levels.pine
 * Serving Flask app 'app'
 * Debug mode: on
Address already in use
Port 5000 is in use by another program. Either identify and stop that program, or start the server with a different port.
[Sun May 31 05:26:45 PDT 2026] Flask exited, restarting in 5s...
[2026-05-31 05:26:50.126697] Wrote Pine Script: /home/hunter/sr-levels/universal_levels.pine
 * Serving Flask app 'app'
 * Debug mode: on
Address already in use
Port 5000 is in use by another program. Either identify and stop that program, or start the server with a different port.
[Sun May 31 05:26:50 PDT 2026] Flask exited, restarting in 5s...
[2026-05-31 05:26:55.235121] Wrote Pine Script: /home/hunter/sr-levels/universal_levels.pine
 * Serving Flask app 'app'
 * Debug mode: on
Address already in use
Port 5000 is in use by another program. Either identify and stop that program, or start the server with a different port.
[Sun May 31 05:26:55 PDT 2026] Flask exited, restarting in 5s...
[2026-05-31 05:27:00.346872] Wrote Pine Script: /home/hunter/sr-levels/universal_levels.pine
 * Serving Flask app 'app'
 * Debug mode: on
Address already in use
Port 5000 is in use by another program. Either identify and stop that program, or start the server with a different port.
[Sun May 31 05:27:00 PDT 2026] Flask exited, restarting in 5s...
[2026-05-31 05:27:05.446105] Wrote Pine Script: /home/hunter/sr-levels/universal_levels.pine
 * Serving Flask app 'app'
 * Debug mode: on
Address already in use
Port 5000 is in use by another program. Either identify and stop that program, or start the server with a different port.
[Sun May 31 05:27:05 PDT 2026] Flask exited, restarting in 5s...
[2026-05-31 05:27:10.553432] Wrote Pine Script: /home/hunter/sr-levels/universal_levels.pine
 * Serving Flask app 'app'
 * Debug mode: on
Address already in use
Port 5000 is in use by another program. Either identify and stop that program, or start the server with a different port.
[Sun May 31 05:27:10 PDT 2026] Flask exited, restarting in 5s...
[2026-05-31 05:27:15.655340] Wrote Pine Script: /home/hunter/sr-levels/universal_levels.pine
 * Serving Flask app 'app'
 * Debug mode: on
Address already in use
Port 5000 is in use by another program. Either identify and stop that program, or start the server with a different port.
[Sun May 31 05:27:15 PDT 2026] Flask exited, restarting in 5s...
[2026-05-31 05:27:20.760596] Wrote Pine Script: /home/hunter/sr-levels/universal_levels.pine
 * Serving Flask app 'app'
 * Debug mode: on
Address already in use
Port 5000 is in use by another program. Either identify and stop that program, or start the server with a different port.
[Sun May 31 05:27:20 PDT 2026] Flask exited, restarting in 5s...
[2026-05-31 05:27:25.867773] Wrote Pine Script: /home/hunter/sr-levels/universal_levels.pine
 * Serving Flask app 'app'
 * Debug mode: on
Address already in use
Port 5000 is in use by another program. Either identify and stop that program, or start the server with a different port.
[Sun May 31 05:27:25 PDT 2026] Flask exited, restarting in 5s...
[2026-05-31 05:27:30.981229] Wrote Pine Script: /home/hunter/sr-levels/universal_levels.pine
 * Serving Flask app 'app'
 * Debug mode: on
Address already in use
Port 5000 is in use by another program. Either identify and stop that program, or start the server with a different port.
[Sun May 31 05:27:31 PDT 2026] Flask exited, restarting in 5s...
[2026-05-31 05:27:36.078348] Wrote Pine Script: /home/hunter/sr-levels/universal_levels.pine
 * Serving Flask app 'app'
 * Debug mode: on
Address already in use
Port 5000 is in use by another program. Either identify and stop that program, or start the server with a different port.
[Sun May 31 05:27:36 PDT 2026] Flask exited, restarting in 5s...
[2026-05-31 05:27:41.193949] Wrote Pine Script: /home/hunter/sr-levels/universal_levels.pine
 * Serving Flask app 'app'
 * Debug mode: on
Address already in use
Port 5000 is in use by another program. Either identify and stop that program, or start the server with a different port.
[Sun May 31 05:27:41 PDT 2026] Flask exited, restarting in 5s...
[2026-05-31 05:27:46.303269] Wrote Pine Script: /home/hunter/sr-levels/universal_levels.pine
 * Serving Flask app 'app'
 * Debug mode: on
Address already in use
Port 5000 is in use by another program. Either identify and stop that program, or start the server with a different port.
[Sun May 31 05:27:46 PDT 2026] Flask exited, restarting in 5s...
[2026-05-31 05:27:51.408788] Wrote Pine Script: /home/hunter/sr-levels/universal_levels.pine
 * Serving Flask app 'app'
 * Debug mode: on
Address already in use
Port 5000 is in use by another program. Either identify and stop that program, or start the server with a different port.
[Sun May 31 05:27:51 PDT 2026] Flask exited, restarting in 5s...
[2026-05-31 05:27:56.515634] Wrote Pine Script: /home/hunter/sr-levels/universal_levels.pine
 * Serving Flask app 'app'
 * Debug mode: on
Address already in use
Port 5000 is in use by another program. Either identify and stop that program, or start the server with a different port.
[Sun May 31 05:27:56 PDT 2026] Flask exited, restarting in 5s...
[2026-05-31 05:28:01.624535] Wrote Pine Script: /home/hunter/sr-levels/universal_levels.pine
 * Serving Flask app 'app'
 * Debug mode: on
Address already in use
Port 5000 is in use by another program. Either identify and stop that program, or start the server with a different port.
[Sun May 31 05:28:01 PDT 2026] Flask exited, restarting in 5s...
[2026-05-31 05:28:06.722191] Wrote Pine Script: /home/hunter/sr-levels/universal_levels.pine
 * Serving Flask app 'app'
 * Debug mode: on
Address already in use
Port 5000 is in use by another program. Either identify and stop that program, or start the server with a different port.
[Sun May 31 05:28:06 PDT 2026] Flask exited, restarting in 5s...
[2026-05-31 05:28:11.836991] Wrote Pine Script: /home/hunter/sr-levels/universal_levels.pine
 * Serving Flask app 'app'
 * Debug mode: on
Address already in use
Port 5000 is in use by another program. Either identify and stop that program, or start the server with a different port.
[Sun May 31 05:28:11 PDT 2026] Flask exited, restarting in 5s...
[2026-05-31 05:28:16.945772] Wrote Pine Script: /home/hunter/sr-levels/universal_levels.pine
 * Serving Flask app 'app'
 * Debug mode: on
Address already in use
Port 5000 is in use by another program. Either identify and stop that program, or start the server with a different port.
[Sun May 31 05:28:16 PDT 2026] Flask exited, restarting in 5s...
[2026-05-31 05:28:22.054599] Wrote Pine Script: /home/hunter/sr-levels/universal_levels.pine
 * Serving Flask app 'app'
 * Debug mode: on
Address already in use
Port 5000 is in use by another program. Either identify and stop that program, or start the server with a different port.
[Sun May 31 05:28:22 PDT 2026] Flask exited, restarting in 5s...
[2026-05-31 05:28:27.165085] Wrote Pine Script: /home/hunter/sr-levels/universal_levels.pine
 * Serving Flask app 'app'
 * Debug mode: on
Address already in use
Port 5000 is in use by another program. Either identify and stop that program, or start the server with a different port.
[Sun May 31 05:28:27 PDT 2026] Flask exited, restarting in 5s...
[2026-05-31 05:28:32.273402] Wrote Pine Script: /home/hunter/sr-levels/universal_levels.pine
 * Serving Flask app 'app'
 * Debug mode: on
Address already in use
Port 5000 is in use by another program. Either identify and stop that program, or start the server with a different port.
[Sun May 31 05:28:32 PDT 2026] Flask exited, restarting in 5s...
[2026-05-31 05:28:37.368265] Wrote Pine Script: /home/hunter/sr-levels/universal_levels.pine
 * Serving Flask app 'app'
 * Debug mode: on
Address already in use
Port 5000 is in use by another program. Either identify and stop that program, or start the server with a different port.
[Sun May 31 05:28:37 PDT 2026] Flask exited, restarting in 5s...
[2026-05-31 05:28:42.475665] Wrote Pine Script: /home/hunter/sr-levels/universal_levels.pine
 * Serving Flask app 'app'
 * Debug mode: on
Address already in use
Port 5000 is in use by another program. Either identify and stop that program, or start the server with a different port.
[Sun May 31 05:28:42 PDT 2026] Flask exited, restarting in 5s...
[2026-05-31 05:28:47.588142] Wrote Pine Script: /home/hunter/sr-levels/universal_levels.pine
 * Serving Flask app 'app'
 * Debug mode: on
Address already in use
Port 5000 is in use by another program. Either identify and stop that program, or start the server with a different port.
[Sun May 31 05:28:47 PDT 2026] Flask exited, restarting in 5s...
[2026-05-31 05:28:52.704159] Wrote Pine Script: /home/hunter/sr-levels/universal_levels.pine
 * Serving Flask app 'app'
 * Debug mode: on
Address already in use
Port 5000 is in use by another program. Either identify and stop that program, or start the server with a different port.
[Sun May 31 05:28:52 PDT 2026] Flask exited, restarting in 5s...
[2026-05-31 05:28:57.804108] Wrote Pine Script: /home/hunter/sr-levels/universal_levels.pine
 * Serving Flask app 'app'
 * Debug mode: on
Address already in use
Port 5000 is in use by another program. Either identify and stop that program, or start the server with a different port.
[Sun May 31 05:28:57 PDT 2026] Flask exited, restarting in 5s...
[2026-05-31 05:29:02.913805] Wrote Pine Script: /home/hunter/sr-levels/universal_levels.pine
 * Serving Flask app 'app'
 * Debug mode: on
Address already in use
Port 5000 is in use by another program. Either identify and stop that program, or start the server with a different port.
[Sun May 31 05:29:02 PDT 2026] Flask exited, restarting in 5s...
[2026-05-31 05:29:08.015328] Wrote Pine Script: /home/hunter/sr-levels/universal_levels.pine
 * Serving Flask app 'app'
 * Debug mode: on
Address already in use
Port 5000 is in use by another program. Either identify and stop that program, or start the server with a different port.
[Sun May 31 05:29:08 PDT 2026] Flask exited, restarting in 5s...
[2026-05-31 05:29:13.127830] Wrote Pine Script: /home/hunter/sr-levels/universal_levels.pine
 * Serving Flask app 'app'
 * Debug mode: on
Address already in use
Port 5000 is in use by another program. Either identify and stop that program, or start the server with a different port.
[Sun May 31 05:29:13 PDT 2026] Flask exited, restarting in 5s...
[2026-05-31 05:29:18.235893] Wrote Pine Script: /home/hunter/sr-levels/universal_levels.pine
 * Serving Flask app 'app'
 * Debug mode: on
Address already in use
Port 5000 is in use by another program. Either identify and stop that program, or start the server with a different port.
[Sun May 31 05:29:18 PDT 2026] Flask exited, restarting in 5s...
[2026-05-31 05:29:23.335523] Wrote Pine Script: /home/hunter/sr-levels/universal_levels.pine
 * Serving Flask app 'app'
 * Debug mode: on
Address already in use
Port 5000 is in use by another program. Either identify and stop that program, or start the server with a different port.
[Sun May 31 05:29:23 PDT 2026] Flask exited, restarting in 5s...
[2026-05-31 05:29:28.436159] Wrote Pine Script: /home/hunter/sr-levels/universal_levels.pine
 * Serving Flask app 'app'
 * Debug mode: on
Address already in use
Port 5000 is in use by another program. Either identify and stop that program, or start the server with a different port.
[Sun May 31 05:29:28 PDT 2026] Flask exited, restarting in 5s...
[2026-05-31 05:29:33.548723] Wrote Pine Script: /home/hunter/sr-levels/universal_levels.pine
 * Serving Flask app 'app'
 * Debug mode: on
Address already in use
Port 5000 is in use by another program. Either identify and stop that program, or start the server with a different port.
[Sun May 31 05:29:33 PDT 2026] Flask exited, restarting in 5s...
[2026-05-31 05:29:38.660526] Wrote Pine Script: /home/hunter/sr-levels/universal_levels.pine
 * Serving Flask app 'app'
 * Debug mode: on
Address already in use
Port 5000 is in use by another program. Either identify and stop that program, or start the server with a different port.
[Sun May 31 05:29:38 PDT 2026] Flask exited, restarting in 5s...
[2026-05-31 05:29:43.767557] Wrote Pine Script: /home/hunter/sr-levels/universal_levels.pine
 * Serving Flask app 'app'
 * Debug mode: on
Address already in use
Port 5000 is in use by another program. Either identify and stop that program, or start the server with a different port.
[Sun May 31 05:29:43 PDT 2026] Flask exited, restarting in 5s...
